CONFIG: 99.592ms
TAGS POST COUNT - QUERY: 295.857ms
TAGS POST COUNT - STORE: 0.050ms
TAGS - QUERY: 5.640ms
TAGS - STORE: 5.557ms
AUTHORS POST COUNT - QUERY: 23.781ms
AUTHORS POST COUNT - STORE: 0.046ms
AUTHORS - QUERY: 2.967ms
AUTHORS - STORE: 7.386ms
FEATURED IMAGES - QUERY: 19.021ms
FEATURED IMAGES - STORE: 22.946ms
POST TAGS - QUERY: 8.569ms
POST TAGS - STORE: 0.083ms
POSTS - QUERY: 34.462ms
POSTS - STORE: 8.728ms
CONTENT DATA: 751.548ms
HOME: 299.780ms
POSTS: 1374.165ms
TAGS: 528.760ms
AUTHORS: 103.140ms
FEEDS: 438.295ms
CSS: 45.836ms
FILES: 333.371ms
SITEMAP: 3.658ms
TAGS POST COUNT - QUERY: 7.579ms
TAGS POST COUNT - STORE: 0.037ms
TAGS - QUERY: 2.905ms
TAGS - STORE: 1.014ms
AUTHORS POST COUNT - QUERY: 4.687ms
AUTHORS POST COUNT - STORE: 0.031ms
AUTHORS - QUERY: 2.293ms
AUTHORS - STORE: 0.675ms
FEATURED IMAGES - QUERY: 6.704ms
FEATURED IMAGES - STORE: 9.730ms
POST TAGS - QUERY: 3.551ms
POST TAGS - STORE: 0.039ms
POSTS - QUERY: 6.594ms
POSTS - STORE: 3.597ms
CONTENT DATA: 117.518ms
HOME-AMP: 95.561ms
POSTS-AMP: 424.838ms
TAGS-AMP: 153.663ms
AUTHORS-AMP: 59.979ms
AMP: 854.010ms
RENDERING: 4944.482ms
